INFO 2021-12-04 20:37:28,105 autoreload 637 Watching for file changes with StatReloader
INFO 2021-12-04 20:38:50,484 autoreload 251 /Users/sylvia/Desktop/github/github_qmall/qmall/Qmall/Qmall/settings.py changed, reloading.
INFO 2021-12-04 20:38:51,130 autoreload 637 Watching for file changes with StatReloader
INFO 2021-12-04 20:40:04,439 autoreload 251 /Users/sylvia/Desktop/github/github_qmall/qmall/Qmall/Qmall/settings.py changed, reloading.
INFO 2021-12-04 20:40:05,333 autoreload 637 Watching for file changes with StatReloader
INFO 2021-12-04 20:40:25,818 autoreload 251 /Users/sylvia/Desktop/github/github_qmall/qmall/Qmall/Qmall/settings.py changed, reloading.
INFO 2021-12-04 20:40:26,477 autoreload 637 Watching for file changes with StatReloader
INFO 2021-12-04 20:40:32,729 autoreload 251 /Users/sylvia/Desktop/github/github_qmall/qmall/Qmall/Qmall/settings.py changed, reloading.
INFO 2021-12-04 20:40:33,338 autoreload 637 Watching for file changes with StatReloader
INFO 2021-12-04 20:41:04,988 autoreload 251 /Users/sylvia/Desktop/github/github_qmall/qmall/Qmall/Qmall/settings.py changed, reloading.
INFO 2021-12-04 20:41:05,681 autoreload 637 Watching for file changes with StatReloader
INFO 2021-12-04 20:42:18,029 autoreload 637 Watching for file changes with StatReloader
INFO 2021-12-04 20:42:29,438 autoreload 251 /Users/sylvia/Desktop/github/github_qmall/qmall/Qmall/apps/users/urls.py changed, reloading.
INFO 2021-12-04 20:42:30,375 autoreload 637 Watching for file changes with StatReloader
INFO 2021-12-04 20:43:46,906 autoreload 637 Watching for file changes with StatReloader
INFO 2021-12-04 20:44:41,874 autoreload 637 Watching for file changes with StatReloader
INFO 2021-12-04 20:54:06,778 autoreload 637 Watching for file changes with StatReloader
INFO 2021-12-04 20:56:18,721 autoreload 251 /Users/sylvia/Desktop/github/github_qmall/qmall/Qmall/Qmall/settings.py changed, reloading.
INFO 2021-12-04 20:56:19,623 autoreload 637 Watching for file changes with StatReloader
INFO 2021-12-04 20:57:08,206 autoreload 637 Watching for file changes with StatReloader
INFO 2021-12-04 20:57:12,502 basehttp 161 "GET / HTTP/1.1" 200 10697
INFO 2021-12-04 20:57:12,563 basehttp 161 "GET /static/admin/css/fonts.css HTTP/1.1" 304 0
INFO 2021-12-04 20:57:12,688 basehttp 161 "GET /static/admin/fonts/Roboto-Regular-webfont.woff HTTP/1.1" 200 85876
INFO 2021-12-04 20:57:12,690 basehttp 161 "GET /static/admin/fonts/Roboto-Bold-webfont.woff HTTP/1.1" 200 86184
INFO 2021-12-04 20:57:12,691 basehttp 161 "GET /static/admin/fonts/Roboto-Light-webfont.woff HTTP/1.1" 200 85692
INFO 2021-12-04 20:58:03,789 autoreload 251 /Users/sylvia/Desktop/github/github_qmall/qmall/Qmall/Qmall/urls.py changed, reloading.
INFO 2021-12-04 20:58:04,692 autoreload 637 Watching for file changes with StatReloader
INFO 2021-12-04 20:58:56,932 autoreload 251 /Users/sylvia/Desktop/github/github_qmall/qmall/Qmall/Qmall/urls.py changed, reloading.
INFO 2021-12-04 20:58:57,330 autoreload 637 Watching for file changes with StatReloader
INFO 2021-12-04 20:59:27,144 autoreload 637 Watching for file changes with StatReloader
INFO 2021-12-04 20:59:38,557 autoreload 251 /Users/sylvia/Desktop/github/github_qmall/qmall/Qmall/Qmall/urls.py changed, reloading.
INFO 2021-12-04 20:59:38,977 autoreload 637 Watching for file changes with StatReloader
INFO 2021-12-04 21:00:42,348 autoreload 251 /Users/sylvia/Desktop/github/github_qmall/qmall/Qmall/Qmall/urls.py changed, reloading.
INFO 2021-12-04 21:00:43,226 autoreload 637 Watching for file changes with StatReloader
INFO 2021-12-05 09:29:57,481 autoreload 251 /Users/sylvia/Desktop/github/github_qmall/qmall/Qmall/Qmall/urls.py changed, reloading.
INFO 2021-12-05 09:29:58,767 autoreload 637 Watching for file changes with StatReloader
INFO 2021-12-05 09:35:40,988 autoreload 251 /Users/sylvia/Desktop/github/github_qmall/qmall/Qmall/apps/user/urls.py changed, reloading.
INFO 2021-12-05 09:35:41,878 autoreload 637 Watching for file changes with StatReloader
INFO 2021-12-05 09:35:59,419 autoreload 251 /Users/sylvia/Desktop/github/github_qmall/qmall/Qmall/apps/user/views.py changed, reloading.
INFO 2021-12-05 09:36:00,175 autoreload 637 Watching for file changes with StatReloader
INFO 2021-12-05 09:36:31,023 autoreload 251 /Users/sylvia/Desktop/github/github_qmall/qmall/Qmall/apps/user/views.py changed, reloading.
INFO 2021-12-05 09:36:31,578 autoreload 637 Watching for file changes with StatReloader
INFO 2021-12-05 09:39:23,018 autoreload 251 /Users/sylvia/Desktop/github/github_qmall/qmall/Qmall/Qmall/settings.py changed, reloading.
INFO 2021-12-05 09:39:24,016 autoreload 637 Watching for file changes with StatReloader
INFO 2021-12-05 09:39:35,336 autoreload 637 Watching for file changes with StatReloader
INFO 2021-12-05 09:40:20,365 autoreload 251 /Users/sylvia/Desktop/github/github_qmall/qmall/Qmall/Qmall/settings.py changed, reloading.
INFO 2021-12-05 09:40:21,225 autoreload 637 Watching for file changes with StatReloader
INFO 2021-12-05 10:05:17,686 autoreload 251 /Users/sylvia/Desktop/github/github_qmall/qmall/Qmall/apps/user/models.py changed, reloading.
INFO 2021-12-05 10:05:18,665 autoreload 637 Watching for file changes with StatReloader
INFO 2021-12-05 10:10:18,970 autoreload 637 Watching for file changes with StatReloader
INFO 2021-12-05 10:11:13,231 autoreload 251 /Users/sylvia/Desktop/github/github_qmall/qmall/Qmall/apps/user/views.py changed, reloading.
INFO 2021-12-05 10:11:13,988 autoreload 637 Watching for file changes with StatReloader
INFO 2021-12-05 10:15:03,497 autoreload 251 /Users/sylvia/Desktop/github/github_qmall/qmall/Qmall/apps/user/models.py changed, reloading.
INFO 2021-12-05 10:15:04,623 autoreload 637 Watching for file changes with StatReloader
INFO 2021-12-05 10:16:49,833 autoreload 251 /Users/sylvia/Desktop/github/github_qmall/qmall/Qmall/apps/user/models.py changed, reloading.
INFO 2021-12-05 10:16:50,903 autoreload 637 Watching for file changes with StatReloader
INFO 2021-12-05 10:19:13,817 autoreload 251 /Users/sylvia/Desktop/github/github_qmall/qmall/Qmall/apps/user/apps.py changed, reloading.
INFO 2021-12-05 10:19:14,882 autoreload 637 Watching for file changes with StatReloader
INFO 2021-12-05 10:20:10,201 autoreload 251 /Users/sylvia/Desktop/github/github_qmall/qmall/Qmall/apps/user/urls.py changed, reloading.
INFO 2021-12-05 10:20:11,025 autoreload 637 Watching for file changes with StatReloader
INFO 2021-12-05 22:40:36,547 autoreload 251 /Users/sylvia/Desktop/github/github_qmall/qmall/Qmall/Qmall/settings.py changed, reloading.
INFO 2021-12-05 22:40:38,133 autoreload 637 Watching for file changes with StatReloader
INFO 2021-12-05 22:45:51,016 autoreload 251 /Users/sylvia/Desktop/github/github_qmall/qmall/Qmall/Qmall/settings.py changed, reloading.
INFO 2021-12-05 22:45:51,904 autoreload 637 Watching for file changes with StatReloader
INFO 2021-12-05 22:58:47,916 autoreload 251 /Users/sylvia/Desktop/github/github_qmall/qmall/Qmall/apps/user/views.py changed, reloading.
INFO 2021-12-05 22:58:49,379 autoreload 637 Watching for file changes with StatReloader
INFO 2021-12-05 23:08:14,313 autoreload 251 /Users/sylvia/Desktop/github/github_qmall/qmall/Qmall/apps/user/views.py changed, reloading.
INFO 2021-12-05 23:08:16,301 autoreload 637 Watching for file changes with StatReloader
INFO 2021-12-05 23:08:42,132 autoreload 251 /Users/sylvia/Desktop/github/github_qmall/qmall/Qmall/apps/user/views.py changed, reloading.
INFO 2021-12-05 23:08:42,612 autoreload 637 Watching for file changes with StatReloader
INFO 2021-12-05 23:12:27,513 autoreload 251 /Users/sylvia/Desktop/github/github_qmall/qmall/Qmall/apps/user/views.py changed, reloading.
INFO 2021-12-05 23:12:28,821 autoreload 637 Watching for file changes with StatReloader
INFO 2021-12-05 23:16:16,789 autoreload 251 /Users/sylvia/Desktop/github/github_qmall/qmall/Qmall/apps/user/urls.py changed, reloading.
INFO 2021-12-05 23:16:18,233 autoreload 637 Watching for file changes with StatReloader
INFO 2021-12-05 23:31:22,856 autoreload 251 /Users/sylvia/Desktop/github/github_qmall/qmall/Qmall/apps/user/urls.py changed, reloading.
INFO 2021-12-05 23:31:23,988 autoreload 637 Watching for file changes with StatReloader
INFO 2021-12-05 23:34:40,543 autoreload 251 /Users/sylvia/Desktop/github/github_qmall/qmall/Qmall/apps/user/urls.py changed, reloading.
INFO 2021-12-05 23:34:42,205 autoreload 637 Watching for file changes with StatReloader
INFO 2021-12-06 23:12:34,965 autoreload 251 /Users/sylvia/Desktop/github/github_qmall/qmall/Qmall/apps/user/views.py changed, reloading.
INFO 2021-12-06 23:12:36,238 autoreload 637 Watching for file changes with StatReloader
INFO 2021-12-06 23:14:17,126 autoreload 251 /Users/sylvia/Desktop/github/github_qmall/qmall/Qmall/apps/user/views.py changed, reloading.
INFO 2021-12-06 23:14:18,109 autoreload 637 Watching for file changes with StatReloader
INFO 2021-12-06 23:19:00,089 autoreload 251 /Users/sylvia/Desktop/github/github_qmall/qmall/Qmall/apps/user/views.py changed, reloading.
INFO 2021-12-06 23:19:01,409 autoreload 637 Watching for file changes with StatReloader
INFO 2021-12-06 23:31:56,371 autoreload 251 /Users/sylvia/Desktop/github/github_qmall/qmall/Qmall/apps/user/views.py changed, reloading.
INFO 2021-12-06 23:31:57,929 autoreload 637 Watching for file changes with StatReloader
INFO 2021-12-06 23:35:24,474 autoreload 251 /Users/sylvia/Desktop/github/github_qmall/qmall/Qmall/apps/user/views.py changed, reloading.
INFO 2021-12-06 23:35:25,378 autoreload 637 Watching for file changes with StatReloader
INFO 2021-12-06 23:35:42,979 autoreload 251 /Users/sylvia/Desktop/github/github_qmall/qmall/Qmall/apps/user/views.py changed, reloading.
INFO 2021-12-06 23:35:43,790 autoreload 637 Watching for file changes with StatReloader
INFO 2021-12-06 23:35:59,267 autoreload 251 /Users/sylvia/Desktop/github/github_qmall/qmall/Qmall/apps/user/views.py changed, reloading.
INFO 2021-12-06 23:36:00,148 autoreload 637 Watching for file changes with StatReloader
INFO 2021-12-06 23:36:55,359 autoreload 251 /Users/sylvia/Desktop/github/github_qmall/qmall/Qmall/apps/user/views.py changed, reloading.
INFO 2021-12-06 23:36:56,278 autoreload 637 Watching for file changes with StatReloader
INFO 2021-12-06 23:38:23,098 autoreload 251 /Users/sylvia/Desktop/github/github_qmall/qmall/Qmall/apps/user/views.py changed, reloading.
INFO 2021-12-06 23:38:24,043 autoreload 637 Watching for file changes with StatReloader
INFO 2021-12-06 23:44:22,206 autoreload 251 /Users/sylvia/Desktop/github/github_qmall/qmall/Qmall/apps/user/views.py changed, reloading.
INFO 2021-12-06 23:44:23,366 autoreload 637 Watching for file changes with StatReloader
INFO 2021-12-06 23:51:28,132 autoreload 251 /Users/sylvia/Desktop/github/github_qmall/qmall/Qmall/apps/user/views.py changed, reloading.
INFO 2021-12-06 23:51:29,409 autoreload 637 Watching for file changes with StatReloader
INFO 2021-12-06 23:56:09,550 autoreload 251 /Users/sylvia/Desktop/github/github_qmall/qmall/Qmall/apps/user/views.py changed, reloading.
INFO 2021-12-06 23:56:10,847 autoreload 637 Watching for file changes with StatReloader
INFO 2021-12-06 23:59:32,075 autoreload 251 /Users/sylvia/Desktop/github/github_qmall/qmall/Qmall/apps/user/views.py changed, reloading.
INFO 2021-12-06 23:59:33,396 autoreload 637 Watching for file changes with StatReloader
INFO 2021-12-07 00:00:59,391 autoreload 251 /Users/sylvia/Desktop/github/github_qmall/qmall/Qmall/apps/user/views.py changed, reloading.
INFO 2021-12-07 00:01:00,900 autoreload 637 Watching for file changes with StatReloader
INFO 2021-12-07 17:06:24,955 autoreload 637 Watching for file changes with StatReloader
INFO 2021-12-07 17:07:38,362 autoreload 251 /Users/sylvia/Desktop/github/github_qmall/qmall/Qmall/apps/verification/urls.py changed, reloading.
INFO 2021-12-07 17:07:38,811 autoreload 637 Watching for file changes with StatReloader
INFO 2021-12-07 17:08:27,803 autoreload 251 /Users/sylvia/Desktop/github/github_qmall/qmall/Qmall/apps/verification/urls.py changed, reloading.
INFO 2021-12-07 17:08:28,301 autoreload 637 Watching for file changes with StatReloader
INFO 2021-12-07 23:30:05,361 autoreload 251 /Users/sylvia/Desktop/github/github_qmall/qmall/Qmall/apps/verification/views.py changed, reloading.
INFO 2021-12-07 23:30:06,763 autoreload 637 Watching for file changes with StatReloader
INFO 2021-12-07 23:32:53,660 autoreload 251 /Users/sylvia/Desktop/github/github_qmall/qmall/Qmall/apps/verification/views.py changed, reloading.
INFO 2021-12-07 23:32:54,558 autoreload 637 Watching for file changes with StatReloader
INFO 2021-12-07 23:34:08,979 autoreload 251 /Users/sylvia/Desktop/github/github_qmall/qmall/Qmall/apps/verification/views.py changed, reloading.
INFO 2021-12-07 23:34:09,699 autoreload 637 Watching for file changes with StatReloader
INFO 2021-12-08 00:05:00,970 autoreload 251 /Users/sylvia/Desktop/github/github_qmall/qmall/Qmall/apps/verification/views.py changed, reloading.
INFO 2021-12-08 00:05:02,057 autoreload 637 Watching for file changes with StatReloader
INFO 2021-12-08 00:12:23,528 autoreload 251 /Users/sylvia/Desktop/github/github_qmall/qmall/Qmall/apps/verification/views.py changed, reloading.
INFO 2021-12-08 00:12:24,532 autoreload 637 Watching for file changes with StatReloader
INFO 2021-12-09 12:20:35,628 autoreload 251 /Users/sylvia/Desktop/github/github_qmall/qmall/Qmall/Qmall/settings.py changed, reloading.
INFO 2021-12-09 12:20:36,815 autoreload 637 Watching for file changes with StatReloader
INFO 2021-12-09 14:53:44,354 autoreload 251 /Users/sylvia/Desktop/github/github_qmall/qmall/Qmall/apps/user/views.py changed, reloading.
INFO 2021-12-09 14:53:45,752 autoreload 637 Watching for file changes with StatReloader
INFO 2021-12-09 14:55:20,032 autoreload 251 /Users/sylvia/Desktop/github/github_qmall/qmall/Qmall/apps/user/views.py changed, reloading.
INFO 2021-12-09 14:55:20,915 autoreload 637 Watching for file changes with StatReloader
ERROR 2021-12-09 16:10:04,076 log 224 Internal Server Error: /usernames/liu11/count/
Traceback (most recent call last):
  File "/Users/sylvia/opt/anaconda3/lib/python3.8/site-packages/django/core/handlers/exception.py", line 47, in inner
    response = get_response(request)
  File "/Users/sylvia/opt/anaconda3/lib/python3.8/site-packages/django/core/handlers/base.py", line 181, in _get_response
    response = wrapped_callback(request, *callback_args, **callback_kwargs)
  File "/Users/sylvia/opt/anaconda3/lib/python3.8/site-packages/django/views/generic/base.py", line 70, in view
    return self.dispatch(request, *args, **kwargs)
  File "/Users/sylvia/opt/anaconda3/lib/python3.8/site-packages/django/views/generic/base.py", line 98, in dispatch
    return handler(request, *args, **kwargs)
TypeError: get() got multiple values for argument 'username'
ERROR 2021-12-09 16:10:04,080 basehttp 161 "GET /usernames/liu11/count/ HTTP/1.1" 500 70421
INFO 2021-12-09 16:12:13,416 autoreload 251 /Users/sylvia/Desktop/github/github_qmall/qmall/Qmall/apps/user/views.py changed, reloading.
INFO 2021-12-09 16:12:14,581 autoreload 637 Watching for file changes with StatReloader
INFO 2021-12-09 16:12:20,004 basehttp 161 "GET /usernames/liu11/count/ HTTP/1.1" 200 46
INFO 2021-12-09 16:12:35,745 basehttp 161 "GET /email/380516137@qq.com/count/ HTTP/1.1" 200 97
INFO 2021-12-09 16:13:52,857 basehttp 161 "GET /email/qliu9467@gmail.com/count/ HTTP/1.1" 200 97
INFO 2021-12-09 16:15:32,503 basehttp 161 "GET /usernames/liu11/count/ HTTP/1.1" 200 46
INFO 2021-12-09 16:15:35,843 basehttp 161 "GET /email/380516137@qq.com/count/ HTTP/1.1" 200 97
INFO 2021-12-09 16:16:52,655 basehttp 161 "GET /usernames/liu11/count/ HTTP/1.1" 200 46
INFO 2021-12-09 16:16:57,269 basehttp 161 "GET /email/380516137@qq.com/count/ HTTP/1.1" 200 97
INFO 2021-12-09 16:18:09,188 basehttp 161 "GET /email/380516137@qq.com/count/ HTTP/1.1" 200 97
INFO 2021-12-09 16:19:34,319 autoreload 251 /Users/sylvia/Desktop/github/github_qmall/qmall/Qmall/apps/user/views.py changed, reloading.
INFO 2021-12-09 16:19:35,591 autoreload 637 Watching for file changes with StatReloader
INFO 2021-12-09 16:19:37,272 basehttp 161 "GET /usernames/liu11/count/ HTTP/1.1" 200 46
INFO 2021-12-09 16:19:40,694 basehttp 161 "GET /email/380516137@qq.com/count/ HTTP/1.1" 200 46
INFO 2021-12-09 16:20:06,176 basehttp 161 "GET /usernames/liu11/count/ HTTP/1.1" 200 46
INFO 2021-12-09 16:20:11,010 basehttp 161 "GET /email/380516137@qq.com/count/ HTTP/1.1" 200 46
INFO 2021-12-09 16:20:12,381 basehttp 161 "OPTIONS /register/ HTTP/1.1" 200 0
WARNING 2021-12-09 16:20:12,438 log 224 Not Found: /register/
WARNING 2021-12-09 16:20:12,439 basehttp 161 "POST /register/ HTTP/1.1" 404 2673
INFO 2021-12-09 16:20:12,452 basehttp 161 "GET /usernames/liu11/count/ HTTP/1.1" 200 46
INFO 2021-12-09 16:20:12,472 basehttp 161 "GET /email/380516137@qq.com/count/ HTTP/1.1" 200 46
INFO 2021-12-09 16:21:34,664 autoreload 251 /Users/sylvia/Desktop/github/github_qmall/qmall/Qmall/apps/user/urls.py changed, reloading.
INFO 2021-12-09 16:21:35,790 autoreload 637 Watching for file changes with StatReloader
INFO 2021-12-09 16:21:36,198 basehttp 161 "POST /register/ HTTP/1.1" 200 53
INFO 2021-12-09 16:21:36,329 basehttp 161 "GET /email/380516137@qq.com/count/ HTTP/1.1" 200 46
INFO 2021-12-09 16:21:36,339 basehttp 161 "GET /usernames/liu11/count/ HTTP/1.1" 200 46
INFO 2021-12-09 16:21:46,888 basehttp 161 "POST /register/ HTTP/1.1" 200 53
INFO 2021-12-09 16:21:46,930 basehttp 161 "GET /usernames/liu11/count/ HTTP/1.1" 200 46
INFO 2021-12-09 16:21:46,931 basehttp 161 "GET /email/380516137@qq.com/count/ HTTP/1.1" 200 46
INFO 2021-12-09 16:22:46,715 autoreload 251 /Users/sylvia/Desktop/github/github_qmall/qmall/Qmall/apps/user/views.py changed, reloading.
INFO 2021-12-09 16:22:47,614 autoreload 637 Watching for file changes with StatReloader
INFO 2021-12-09 16:22:47,919 basehttp 161 "POST /register/ HTTP/1.1" 200 53
INFO 2021-12-09 16:22:47,949 basehttp 161 "GET /email/380516137@qq.com/count/ HTTP/1.1" 200 46
INFO 2021-12-09 16:22:47,960 basehttp 161 "GET /usernames/liu11/count/ HTTP/1.1" 200 46
INFO 2021-12-09 16:43:53,186 autoreload 251 /Users/sylvia/Desktop/github/github_qmall/qmall/Qmall/apps/user/views.py changed, reloading.
INFO 2021-12-09 16:43:54,295 autoreload 637 Watching for file changes with StatReloader
INFO 2021-12-09 16:43:57,168 basehttp 161 "POST /register/ HTTP/1.1" 200 53
INFO 2021-12-09 16:43:57,200 basehttp 161 "GET /usernames/liu11/count/ HTTP/1.1" 200 46
INFO 2021-12-09 16:43:57,201 basehttp 161 "GET /email/380516137@qq.com/count/ HTTP/1.1" 200 46
INFO 2021-12-09 16:47:25,567 basehttp 161 "POST /register/ HTTP/1.1" 200 53
INFO 2021-12-09 16:47:25,593 basehttp 161 "GET /email/380516137@qq.com/count/ HTTP/1.1" 200 46
INFO 2021-12-09 16:47:25,593 basehttp 161 "GET /usernames/liu11/count/ HTTP/1.1" 200 46
INFO 2021-12-09 16:48:17,302 basehttp 161 "POST /register/ HTTP/1.1" 200 53
INFO 2021-12-09 16:48:17,389 basehttp 161 "GET /usernames/liu11/count/ HTTP/1.1" 200 46
INFO 2021-12-09 16:48:17,404 basehttp 161 "GET /email/380516137@qq.com/count/ HTTP/1.1" 200 46
INFO 2021-12-09 16:48:33,951 basehttp 161 "GET /usernames/liu11/count/ HTTP/1.1" 200 46
INFO 2021-12-09 16:48:38,690 basehttp 161 "GET /email/380516137@qq.com/count/ HTTP/1.1" 200 46
INFO 2021-12-09 16:48:40,536 basehttp 161 "GET /email/380516137@qq.com/count/ HTTP/1.1" 200 46
INFO 2021-12-09 16:48:40,538 basehttp 161 "GET /usernames/liu11/count/ HTTP/1.1" 200 46
ERROR 2021-12-09 16:48:40,601 log 224 Internal Server Error: /register/
Traceback (most recent call last):
  File "/Users/sylvia/opt/anaconda3/lib/python3.8/site-packages/django/core/handlers/exception.py", line 47, in inner
    response = get_response(request)
  File "/Users/sylvia/opt/anaconda3/lib/python3.8/site-packages/django/core/handlers/base.py", line 181, in _get_response
    response = wrapped_callback(request, *callback_args, **callback_kwargs)
  File "/Users/sylvia/opt/anaconda3/lib/python3.8/site-packages/django/views/generic/base.py", line 70, in view
    return self.dispatch(request, *args, **kwargs)
  File "/Users/sylvia/opt/anaconda3/lib/python3.8/site-packages/django/views/generic/base.py", line 98, in dispatch
    return handler(request, *args, **kwargs)
  File "/Users/sylvia/Desktop/github/github_qmall/qmall/Qmall/apps/user/views.py", line 59, in post
    user_name_check.get(username)
TypeError: get() missing 1 required positional argument: 'username'
ERROR 2021-12-09 16:48:40,602 basehttp 161 "POST /register/ HTTP/1.1" 500 76044
INFO 2021-12-09 16:49:17,963 autoreload 251 /Users/sylvia/Desktop/github/github_qmall/qmall/Qmall/apps/user/views.py changed, reloading.
INFO 2021-12-09 16:49:18,923 autoreload 637 Watching for file changes with StatReloader
INFO 2021-12-09 16:49:27,830 basehttp 161 "GET /usernames/liu11/count/ HTTP/1.1" 200 46
INFO 2021-12-09 16:49:27,830 basehttp 161 "GET /email/380516137@qq.com/count/ HTTP/1.1" 200 46
INFO 2021-12-09 16:49:27,849 basehttp 161 "POST /register/ HTTP/1.1" 200 57
INFO 2021-12-09 16:52:31,358 autoreload 251 /Users/sylvia/Desktop/github/github_qmall/qmall/Qmall/apps/user/views.py changed, reloading.
INFO 2021-12-09 16:52:32,211 autoreload 637 Watching for file changes with StatReloader
INFO 2021-12-09 16:52:33,177 basehttp 161 "GET /usernames/liu11/count/ HTTP/1.1" 200 97
INFO 2021-12-09 16:53:29,758 autoreload 251 /Users/sylvia/Desktop/github/github_qmall/qmall/Qmall/apps/user/views.py changed, reloading.
INFO 2021-12-09 16:53:30,231 autoreload 637 Watching for file changes with StatReloader
INFO 2021-12-09 16:53:31,877 basehttp 161 "GET /usernames/liu11/count/ HTTP/1.1" 200 97
INFO 2021-12-09 16:53:34,678 basehttp 161 "GET /usernames/liu12/count/ HTTP/1.1" 200 97
INFO 2021-12-09 16:53:50,800 basehttp 161 "GET /usernames/liu124/count/ HTTP/1.1" 200 97
INFO 2021-12-09 16:55:33,482 autoreload 251 /Users/sylvia/Desktop/github/github_qmall/qmall/Qmall/apps/user/views.py changed, reloading.
INFO 2021-12-09 16:55:34,417 autoreload 637 Watching for file changes with StatReloader
INFO 2021-12-09 16:55:39,603 basehttp 161 "GET /usernames/liu11/count/ HTTP/1.1" 200 46
INFO 2021-12-09 16:55:45,033 basehttp 161 "GET /email/380516137@qq.com/count/ HTTP/1.1" 200 46
INFO 2021-12-09 16:55:58,994 basehttp 161 "GET /usernames/liu11/count/ HTTP/1.1" 200 46
INFO 2021-12-09 16:55:59,027 basehttp 161 "GET /email/380516137@qq.com/count/ HTTP/1.1" 200 46
INFO 2021-12-09 16:55:59,253 basehttp 161 "POST /register/ HTTP/1.1" 200 45
INFO 2021-12-09 17:08:51,023 autoreload 637 Watching for file changes with StatReloader
INFO 2021-12-09 17:08:53,717 basehttp 161 "GET /admin HTTP/1.1" 301 0
INFO 2021-12-09 17:08:53,756 basehttp 161 "GET /admin/ HTTP/1.1" 302 0
INFO 2021-12-09 17:08:54,005 basehttp 161 "GET /admin/login/?next=/admin/ HTTP/1.1" 200 2371
INFO 2021-12-09 17:08:54,063 basehttp 161 "GET /static/admin/css/nav_sidebar.css HTTP/1.1" 200 2271
INFO 2021-12-09 17:08:54,064 basehttp 161 "GET /static/admin/css/login.css HTTP/1.1" 200 939
INFO 2021-12-09 17:08:54,065 basehttp 161 "GET /static/admin/css/responsive.css HTTP/1.1" 200 18545
INFO 2021-12-09 17:08:54,065 basehttp 161 "GET /static/admin/css/base.css HTTP/1.1" 200 19513
INFO 2021-12-09 17:08:54,116 basehttp 161 "GET /static/admin/js/nav_sidebar.js HTTP/1.1" 200 1360
INFO 2021-12-09 17:08:54,172 basehttp 161 "GET /static/admin/fonts/Roboto-Regular-webfont.woff HTTP/1.1" 200 85876
INFO 2021-12-09 17:08:54,174 basehttp 161 "GET /static/admin/fonts/Roboto-Light-webfont.woff HTTP/1.1" 200 85692
INFO 2021-12-09 17:08:54,175 basehttp 161 "GET /static/admin/fonts/Roboto-Bold-webfont.woff HTTP/1.1" 200 86184
INFO 2021-12-09 17:09:02,356 basehttp 161 "POST /admin/login/?next=/admin/ HTTP/1.1" 302 0
INFO 2021-12-09 17:09:02,415 basehttp 161 "GET /admin/ HTTP/1.1" 200 2927
INFO 2021-12-09 17:09:02,475 basehttp 161 "GET /static/admin/css/dashboard.css HTTP/1.1" 200 380
INFO 2021-12-09 17:09:02,550 basehttp 161 "GET /static/admin/img/icon-addlink.svg HTTP/1.1" 200 331
INFO 2021-12-09 17:09:02,551 basehttp 161 "GET /static/admin/img/icon-changelink.svg HTTP/1.1" 200 380
INFO 2021-12-09 17:09:09,564 basehttp 161 "GET /admin/auth/group/ HTTP/1.1" 200 4479
INFO 2021-12-09 17:09:09,630 basehttp 161 "GET /static/admin/css/changelists.css HTTP/1.1" 200 6874
INFO 2021-12-09 17:09:09,714 basehttp 161 "GET /static/admin/js/jquery.init.js HTTP/1.1" 200 347
INFO 2021-12-09 17:09:09,716 basehttp 161 "GET /static/admin/js/actions.js HTTP/1.1" 200 7867
INFO 2021-12-09 17:09:09,718 basehttp 161 "GET /static/admin/js/admin/RelatedObjectLookups.js HTTP/1.1" 200 5984
INFO 2021-12-09 17:09:09,720 basehttp 161 "GET /static/admin/js/core.js HTTP/1.1" 200 5698
INFO 2021-12-09 17:09:09,736 basehttp 161 "GET /static/admin/js/prepopulate.js HTTP/1.1" 200 1531
INFO 2021-12-09 17:09:09,737 basehttp 161 "GET /static/admin/js/urlify.js HTTP/1.1" 200 7902
INFO 2021-12-09 17:09:09,741 basehttp 161 "GET /static/admin/js/vendor/xregexp/xregexp.js HTTP/1.1" 200 232381
INFO 2021-12-09 17:09:09,744 basehttp 161 "GET /static/admin/js/vendor/jquery/jquery.js HTTP/1.1" 200 287630
INFO 2021-12-09 17:09:09,763 basehttp 161 "GET /static/admin/img/search.svg HTTP/1.1" 200 458
INFO 2021-12-09 17:09:09,780 basehttp 161 "GET /admin/jsi18n/ HTTP/1.1" 200 3195
INFO 2021-12-09 17:09:09,825 basehttp 161 "GET /static/admin/img/tooltag-add.svg HTTP/1.1" 200 331
INFO 2021-12-09 17:11:27,742 autoreload 251 /Users/sylvia/Desktop/github/github_qmall/qmall/Qmall/apps/user/admin.py changed, reloading.
INFO 2021-12-09 17:11:28,723 autoreload 637 Watching for file changes with StatReloader
INFO 2021-12-09 17:11:54,353 autoreload 251 /Users/sylvia/Desktop/github/github_qmall/qmall/Qmall/apps/user/admin.py changed, reloading.
INFO 2021-12-09 17:11:54,820 autoreload 637 Watching for file changes with StatReloader
INFO 2021-12-09 17:12:10,304 autoreload 251 /Users/sylvia/Desktop/github/github_qmall/qmall/Qmall/apps/user/admin.py changed, reloading.
INFO 2021-12-09 17:12:11,125 autoreload 637 Watching for file changes with StatReloader
INFO 2021-12-09 17:12:43,581 autoreload 637 Watching for file changes with StatReloader
INFO 2021-12-09 17:12:46,927 basehttp 161 "GET /admin/auth/group/ HTTP/1.1" 200 4977
INFO 2021-12-09 17:12:47,146 basehttp 161 "GET /admin/jsi18n/ HTTP/1.1" 200 3195
INFO 2021-12-09 17:12:48,896 basehttp 161 "GET /admin/user/user/ HTTP/1.1" 200 5961
INFO 2021-12-09 17:12:48,997 basehttp 161 "GET /admin/jsi18n/ HTTP/1.1" 200 3195
INFO 2021-12-09 17:12:52,706 basehttp 161 "GET /admin/user/user/1/change/ HTTP/1.1" 200 14456
INFO 2021-12-09 17:12:52,746 basehttp 161 "GET /static/admin/css/forms.css HTTP/1.1" 200 8804
INFO 2021-12-09 17:12:52,759 basehttp 161 "GET /static/admin/css/widgets.css HTTP/1.1" 200 11097
INFO 2021-12-09 17:12:52,811 basehttp 161 "GET /static/admin/js/calendar.js HTTP/1.1" 200 8466
INFO 2021-12-09 17:12:52,812 basehttp 161 "GET /static/admin/js/admin/DateTimeShortcuts.js HTTP/1.1" 200 19634
INFO 2021-12-09 17:12:52,826 basehttp 161 "GET /admin/jsi18n/ HTTP/1.1" 200 3195
INFO 2021-12-09 17:12:52,847 basehttp 161 "GET /static/admin/js/prepopulate_init.js HTTP/1.1" 200 492
INFO 2021-12-09 17:12:52,848 basehttp 161 "GET /static/admin/js/change_form.js HTTP/1.1" 200 606
INFO 2021-12-09 17:12:52,889 basehttp 161 "GET /static/admin/img/icon-clock.svg HTTP/1.1" 200 677
INFO 2021-12-09 17:12:52,889 basehttp 161 "GET /static/admin/img/icon-calendar.svg HTTP/1.1" 200 1086
INFO 2021-12-09 17:14:35,421 autoreload 251 /Users/sylvia/Desktop/github/github_qmall/qmall/Qmall/apps/user/admin.py changed, reloading.
INFO 2021-12-09 17:14:36,420 autoreload 637 Watching for file changes with StatReloader
INFO 2021-12-09 17:14:37,521 basehttp 161 "GET /admin/user/user/1/change/ HTTP/1.1" 200 14456
INFO 2021-12-09 17:14:37,691 basehttp 161 "GET /admin/jsi18n/ HTTP/1.1" 200 3195
INFO 2021-12-09 17:14:47,735 basehttp 161 "GET /admin/user/user/ HTTP/1.1" 200 6235
INFO 2021-12-09 17:14:47,843 basehttp 161 "GET /admin/jsi18n/ HTTP/1.1" 200 3195
INFO 2021-12-09 17:15:38,137 autoreload 251 /Users/sylvia/Desktop/github/github_qmall/qmall/Qmall/apps/verification/urls.py changed, reloading.
INFO 2021-12-09 17:15:38,621 autoreload 637 Watching for file changes with StatReloader
INFO 2021-12-09 17:30:37,316 autoreload 251 /Users/sylvia/Desktop/github/github_qmall/qmall/Qmall/apps/verification/views.py changed, reloading.
INFO 2021-12-09 17:30:39,193 autoreload 637 Watching for file changes with StatReloader
INFO 2021-12-09 17:31:46,105 basehttp 161 "GET /usernames/liu11/count/ HTTP/1.1" 200 59
INFO 2021-12-09 17:31:51,574 basehttp 161 "GET /email/380516137@qq.com/count/ HTTP/1.1" 200 55
INFO 2021-12-09 17:31:54,149 basehttp 161 "GET /usernames/liu12/count/ HTTP/1.1" 200 46
INFO 2021-12-09 17:32:08,574 basehttp 161 "GET /email/380516137@qq.com/count/ HTTP/1.1" 200 55
INFO 2021-12-09 17:32:14,934 basehttp 161 "GET /email/380516137@qq.com/count/ HTTP/1.1" 200 55
INFO 2021-12-09 17:32:42,552 basehttp 161 "GET /usernames/liu12/count/ HTTP/1.1" 200 46
INFO 2021-12-09 17:32:45,562 basehttp 161 "GET /email/380516137@qq.com/count/ HTTP/1.1" 200 55
INFO 2021-12-09 17:36:09,949 basehttp 161 "GET /usernames/liu12/count/ HTTP/1.1" 200 46
INFO 2021-12-09 17:36:13,134 basehttp 161 "GET /email/cypbkd@gmail.com/count/ HTTP/1.1" 200 46
INFO 2021-12-09 17:36:23,599 basehttp 161 "GET /email/380516137@qq.com/count/ HTTP/1.1" 200 55
INFO 2021-12-09 17:36:40,390 basehttp 161 "GET /email/3805161837@qq.com/count/ HTTP/1.1" 200 46
INFO 2021-12-09 17:41:13,889 basehttp 161 "GET /email/380516137@qq.com/count/ HTTP/1.1" 200 55
INFO 2021-12-09 17:42:34,674 basehttp 161 "GET /email/380516137@qq.com/count/ HTTP/1.1" 200 55
INFO 2021-12-09 17:43:26,322 autoreload 251 /Users/sylvia/Desktop/github/github_qmall/qmall/Qmall/apps/user/views.py changed, reloading.
INFO 2021-12-09 17:43:27,288 autoreload 637 Watching for file changes with StatReloader
INFO 2021-12-09 17:43:29,077 basehttp 161 "GET /email/380516137@qq.com/count/ HTTP/1.1" 200 55
INFO 2021-12-09 17:46:04,212 basehttp 161 "GET /email/380516137@qq.com/count/ HTTP/1.1" 200 55
INFO 2021-12-09 17:46:13,771 basehttp 161 "GET /email/380516137@qq.com/count/ HTTP/1.1" 200 55
INFO 2021-12-09 17:47:18,911 autoreload 251 /Users/sylvia/Desktop/github/github_qmall/qmall/Qmall/apps/user/views.py changed, reloading.
INFO 2021-12-09 17:47:19,881 autoreload 637 Watching for file changes with StatReloader
INFO 2021-12-09 17:47:21,774 basehttp 161 "GET /email/380516137@qq.com/count/ HTTP/1.1" 200 67
INFO 2021-12-09 17:47:54,905 basehttp 161 "GET /usernames/liu12/count/ HTTP/1.1" 200 57
INFO 2021-12-09 17:47:57,456 basehttp 161 "GET /email/380516137@qq.com/count/ HTTP/1.1" 200 67
